nohup: ignoring input
--------------------------------------------------------------------------------
Config:
{'alpha': 0.001,
 'batch_size': 512,
 'beta': 0,
 'cuda_num': '3',
 'data_name': 'ml-1m',
 'early_stop': 100,
 'epoch_num': 500,
 'interval': 10,
 'latent_dim': 64,
 'layer_num': 3,
 'learning_rate': 0.001,
 'model_name': 'mf',
 'nbr_num': 25,
 'retrain': False,
 'similarity': 'cosine',
 'theta': 0.1,
 'topk': 10,
 'weight_decay': 0.001}
--------------------------------------------------------------------------------
Loading item similarity matrix...
Loading train explainable matrix...
Loading full explainable matrix...
Loading trained models mf...
[0;30;43m[TEST][0m
Result: hr=0.6101, ndcg=0.3478, mep=0.8351, wmep=0.2245, test_time=4.2285
Epoch[1/500], loss=0.2023, train_time=19.6321
Epoch[2/500], loss=0.1844, train_time=21.6029
Epoch[3/500], loss=0.1704, train_time=19.1777
Epoch[4/500], loss=0.1593, train_time=18.4576
Epoch[5/500], loss=0.1523, train_time=19.0329
Epoch[6/500], loss=0.1463, train_time=18.6526
Epoch[7/500], loss=0.1412, train_time=18.5196
Epoch[8/500], loss=0.1371, train_time=19.3110
Epoch[9/500], loss=0.1329, train_time=18.5025
Epoch[10/500], loss=0.1306, train_time=18.6096
[0;30;43m[TEST][0m
Result: hr=0.6637, ndcg=0.3896, mep=0.8689, wmep=0.2424, test_time=4.2521
Epoch[11/500], loss=0.1286, train_time=18.8979
Epoch[12/500], loss=0.1263, train_time=18.4805
Epoch[13/500], loss=0.1249, train_time=18.8749
Epoch[14/500], loss=0.1222, train_time=19.0375
Epoch[15/500], loss=0.1223, train_time=19.2566
Epoch[16/500], loss=0.1200, train_time=19.3596
Epoch[17/500], loss=0.1190, train_time=19.0545
Epoch[18/500], loss=0.1181, train_time=19.0115
Epoch[19/500], loss=0.1172, train_time=18.8504
Epoch[20/500], loss=0.1158, train_time=18.4922
[0;30;43m[TEST][0m
Result: hr=0.6740, ndcg=0.4006, mep=0.8760, wmep=0.2445, test_time=4.2515
Epoch[21/500], loss=0.1157, train_time=18.8339
Epoch[22/500], loss=0.1149, train_time=18.7606
Epoch[23/500], loss=0.1144, train_time=18.5376
Epoch[24/500], loss=0.1135, train_time=18.6134
Epoch[25/500], loss=0.1133, train_time=18.3829
Epoch[26/500], loss=0.1128, train_time=17.5236
Epoch[27/500], loss=0.1122, train_time=17.2779
Epoch[28/500], loss=0.1121, train_time=18.1551
Epoch[29/500], loss=0.1117, train_time=18.3204
Epoch[30/500], loss=0.1110, train_time=18.7923
[0;30;43m[TEST][0m
Result: hr=0.6783, ndcg=0.4056, mep=0.8814, wmep=0.2460, test_time=4.2779
Epoch[31/500], loss=0.1112, train_time=18.1553
Epoch[32/500], loss=0.1102, train_time=17.5297
Epoch[33/500], loss=0.1100, train_time=19.4083
Epoch[34/500], loss=0.1101, train_time=19.0544
Epoch[35/500], loss=0.1097, train_time=19.4219
Epoch[36/500], loss=0.1089, train_time=19.2556
Epoch[37/500], loss=0.1087, train_time=18.9965
Epoch[38/500], loss=0.1090, train_time=19.0543
Epoch[39/500], loss=0.1086, train_time=19.2924
Epoch[40/500], loss=0.1087, train_time=19.0708
[0;30;43m[TEST][0m
Result: hr=0.6848, ndcg=0.4106, mep=0.8832, wmep=0.2463, test_time=4.2772
Epoch[41/500], loss=0.1084, train_time=19.4058
Epoch[42/500], loss=0.1084, train_time=19.1132
Epoch[43/500], loss=0.1073, train_time=19.1929
Epoch[44/500], loss=0.1078, train_time=19.6751
Epoch[45/500], loss=0.1076, train_time=22.3598
Epoch[46/500], loss=0.1073, train_time=22.6232
Epoch[47/500], loss=0.1074, train_time=21.7213
Epoch[48/500], loss=0.1070, train_time=22.1103
Epoch[49/500], loss=0.1067, train_time=18.9725
Epoch[50/500], loss=0.1065, train_time=19.2588
[0;30;43m[TEST][0m
Result: hr=0.6801, ndcg=0.4099, mep=0.8855, wmep=0.2463, test_time=4.2698
Epoch[51/500], loss=0.1068, train_time=19.3855
Epoch[52/500], loss=0.1069, train_time=18.9811
Epoch[53/500], loss=0.1063, train_time=19.4517
Epoch[54/500], loss=0.1064, train_time=18.9175
Epoch[55/500], loss=0.1060, train_time=18.7241
Epoch[56/500], loss=0.1064, train_time=18.6371
Epoch[57/500], loss=0.1056, train_time=18.6452
Epoch[58/500], loss=0.1058, train_time=19.2330
Epoch[59/500], loss=0.1064, train_time=18.4447
Epoch[60/500], loss=0.1057, train_time=18.8773
[0;30;43m[TEST][0m
Result: hr=0.6894, ndcg=0.4105, mep=0.8858, wmep=0.2462, test_time=4.2646
Epoch[61/500], loss=0.1060, train_time=18.2148
Epoch[62/500], loss=0.1050, train_time=17.7022
Epoch[63/500], loss=0.1057, train_time=18.6710
Epoch[64/500], loss=0.1054, train_time=17.2589
Epoch[65/500], loss=0.1052, train_time=18.4550
Epoch[66/500], loss=0.1053, train_time=17.5149
Epoch[67/500], loss=0.1053, train_time=17.4252
Epoch[68/500], loss=0.1053, train_time=19.3292
Epoch[69/500], loss=0.1045, train_time=18.9959
Epoch[70/500], loss=0.1053, train_time=22.9195
[0;30;43m[TEST][0m
Result: hr=0.6894, ndcg=0.4134, mep=0.8872, wmep=0.2464, test_time=5.3674
Epoch[71/500], loss=0.1042, train_time=22.0947
Epoch[72/500], loss=0.1048, train_time=19.0460
Epoch[73/500], loss=0.1041, train_time=22.2259
Epoch[74/500], loss=0.1043, train_time=22.8306
Epoch[75/500], loss=0.1039, train_time=22.6391
Epoch[76/500], loss=0.1030, train_time=22.6916
Epoch[77/500], loss=0.1034, train_time=22.3678
Epoch[78/500], loss=0.1032, train_time=23.0488
Epoch[79/500], loss=0.1026, train_time=22.0029
Epoch[80/500], loss=0.1015, train_time=19.2678
[0;30;43m[TEST][0m
Result: hr=0.6851, ndcg=0.4121, mep=0.8868, wmep=0.2460, test_time=4.2717
Epoch[81/500], loss=0.1055, train_time=19.3067
Epoch[82/500], loss=0.1059, train_time=19.0214
Epoch[83/500], loss=0.1058, train_time=18.8084
Epoch[84/500], loss=0.1049, train_time=19.0035
Epoch[85/500], loss=0.1052, train_time=19.1737
Epoch[86/500], loss=0.1057, train_time=19.1775
Epoch[87/500], loss=0.1059, train_time=19.5240
Epoch[88/500], loss=0.1051, train_time=19.2989
Epoch[89/500], loss=0.1050, train_time=18.9908
Epoch[90/500], loss=0.1053, train_time=19.0462
[0;30;43m[TEST][0m
Result: hr=0.6871, ndcg=0.4152, mep=0.8870, wmep=0.2465, test_time=4.2738
Epoch[91/500], loss=0.1053, train_time=18.2251
Epoch[92/500], loss=0.1053, train_time=18.8519
Epoch[93/500], loss=0.1048, train_time=21.7848
Epoch[94/500], loss=0.1056, train_time=18.6987
Epoch[95/500], loss=0.1054, train_time=18.7383
Epoch[96/500], loss=0.1050, train_time=19.1174
Epoch[97/500], loss=0.1053, train_time=18.6523
Epoch[98/500], loss=0.1053, train_time=19.2871
Epoch[99/500], loss=0.1050, train_time=18.8094
Epoch[100/500], loss=0.1044, train_time=18.6022
[0;30;43m[TEST][0m
Result: hr=0.6841, ndcg=0.4132, mep=0.8880, wmep=0.2466, test_time=4.2754
Epoch[101/500], loss=0.1048, train_time=18.6245
Epoch[102/500], loss=0.1054, train_time=18.8012
Epoch[103/500], loss=0.1048, train_time=18.6775
Epoch[104/500], loss=0.1042, train_time=18.5020
Epoch[105/500], loss=0.1051, train_time=19.0882
Epoch[106/500], loss=0.1047, train_time=19.5157
Epoch[107/500], loss=0.1044, train_time=21.8129
Epoch[108/500], loss=0.1041, train_time=18.2426
Epoch[109/500], loss=0.1048, train_time=18.9421
Epoch[110/500], loss=0.1044, train_time=18.9518
[0;30;43m[TEST][0m
Result: hr=0.6881, ndcg=0.4166, mep=0.8881, wmep=0.2465, test_time=4.2861
Epoch[111/500], loss=0.1046, train_time=19.1902
Epoch[112/500], loss=0.1043, train_time=19.0626
Epoch[113/500], loss=0.1045, train_time=19.1569
Epoch[114/500], loss=0.1041, train_time=19.0947
Epoch[115/500], loss=0.1048, train_time=19.1890
Epoch[116/500], loss=0.1045, train_time=19.2120
Epoch[117/500], loss=0.1043, train_time=19.0112
Epoch[118/500], loss=0.1045, train_time=19.1138
Epoch[119/500], loss=0.1044, train_time=19.0617
Epoch[120/500], loss=0.1043, train_time=19.2190
[0;30;43m[TEST][0m
Result: hr=0.6877, ndcg=0.4181, mep=0.8876, wmep=0.2466, test_time=4.2866
Epoch[121/500], loss=0.1042, train_time=18.0394
Epoch[122/500], loss=0.1039, train_time=19.0756
Epoch[123/500], loss=0.1044, train_time=18.7521
Epoch[124/500], loss=0.1043, train_time=18.4940
Epoch[125/500], loss=0.1046, train_time=18.5012
Epoch[126/500], loss=0.1042, train_time=19.4590
Epoch[127/500], loss=0.1045, train_time=20.8708
Epoch[128/500], loss=0.1042, train_time=21.0040
Epoch[129/500], loss=0.1045, train_time=22.3626
Epoch[130/500], loss=0.1043, train_time=22.1705
[0;30;43m[TEST][0m
Result: hr=0.6879, ndcg=0.4153, mep=0.8888, wmep=0.2468, test_time=4.3566
Epoch[131/500], loss=0.1043, train_time=18.7924
Epoch[132/500], loss=0.1043, train_time=16.0653
Epoch[133/500], loss=0.1046, train_time=16.3569
Epoch[134/500], loss=0.1043, train_time=18.9567
Epoch[135/500], loss=0.1044, train_time=17.4210
Epoch[136/500], loss=0.1047, train_time=19.3503
Epoch[137/500], loss=0.1044, train_time=17.8700
Epoch[138/500], loss=0.1047, train_time=17.5687
Epoch[139/500], loss=0.1042, train_time=18.0920
Epoch[140/500], loss=0.1042, train_time=18.4148
[0;30;43m[TEST][0m
Result: hr=0.6881, ndcg=0.4136, mep=0.8894, wmep=0.2468, test_time=4.2888
Epoch[141/500], loss=0.1043, train_time=19.3563
Epoch[142/500], loss=0.1045, train_time=18.9892
Epoch[143/500], loss=0.1044, train_time=19.8768
Epoch[144/500], loss=0.1039, train_time=22.2261
Epoch[145/500], loss=0.1046, train_time=18.2780
Epoch[146/500], loss=0.1042, train_time=17.8654
Epoch[147/500], loss=0.1039, train_time=17.8782
Epoch[148/500], loss=0.1045, train_time=19.1092
Epoch[149/500], loss=0.1043, train_time=18.5920
Epoch[150/500], loss=0.1043, train_time=18.5987
[0;30;43m[TEST][0m
Result: hr=0.6863, ndcg=0.4149, mep=0.8877, wmep=0.2466, test_time=4.2778
Epoch[151/500], loss=0.1039, train_time=18.5841
Epoch[152/500], loss=0.1042, train_time=18.4415
Epoch[153/500], loss=0.1046, train_time=18.6401
Epoch[154/500], loss=0.1048, train_time=18.6659
Epoch[155/500], loss=0.1041, train_time=18.5429
Epoch[156/500], loss=0.1039, train_time=18.1849
Epoch[157/500], loss=0.1038, train_time=19.0116
Epoch[158/500], loss=0.1046, train_time=19.3494
Epoch[159/500], loss=0.1044, train_time=18.7996
Epoch[160/500], loss=0.1041, train_time=18.7922
[0;30;43m[TEST][0m
Result: hr=0.6902, ndcg=0.4183, mep=0.8879, wmep=0.2466, test_time=4.2719
Epoch[161/500], loss=0.1046, train_time=18.8049
Epoch[162/500], loss=0.1040, train_time=18.5360
Epoch[163/500], loss=0.1038, train_time=18.7344
Epoch[164/500], loss=0.1035, train_time=18.9341
Epoch[165/500], loss=0.1040, train_time=18.7135
Epoch[166/500], loss=0.1041, train_time=18.7091
Epoch[167/500], loss=0.1039, train_time=18.4977
Epoch[168/500], loss=0.1042, train_time=18.4263
Epoch[169/500], loss=0.1048, train_time=18.1633
Epoch[170/500], loss=0.1039, train_time=18.9149
[0;30;43m[TEST][0m
Result: hr=0.6861, ndcg=0.4157, mep=0.8885, wmep=0.2465, test_time=4.2587
Epoch[171/500], loss=0.1041, train_time=18.6777
Epoch[172/500], loss=0.1041, train_time=17.7060
Epoch[173/500], loss=0.1045, train_time=17.7539
Epoch[174/500], loss=0.1045, train_time=18.5677
Epoch[175/500], loss=0.1041, train_time=17.9678
Epoch[176/500], loss=0.1037, train_time=18.7479
Epoch[177/500], loss=0.1044, train_time=18.9856
Epoch[178/500], loss=0.1040, train_time=18.7110
Epoch[179/500], loss=0.1037, train_time=18.4612
Epoch[180/500], loss=0.1044, train_time=19.2218
[0;30;43m[TEST][0m
Result: hr=0.6887, ndcg=0.4154, mep=0.8871, wmep=0.2464, test_time=4.3578
Epoch[181/500], loss=0.1037, train_time=17.7005
Epoch[182/500], loss=0.1045, train_time=17.4272
Epoch[183/500], loss=0.1045, train_time=19.7392
Epoch[184/500], loss=0.1043, train_time=21.9583
Epoch[185/500], loss=0.1037, train_time=19.3903
Epoch[186/500], loss=0.1040, train_time=19.3798
Epoch[187/500], loss=0.1040, train_time=18.6653
Epoch[188/500], loss=0.1035, train_time=18.9128
Epoch[189/500], loss=0.1041, train_time=18.7361
Epoch[190/500], loss=0.1043, train_time=18.6938
[0;30;43m[TEST][0m
Result: hr=0.6899, ndcg=0.4175, mep=0.8888, wmep=0.2462, test_time=4.2769
Epoch[191/500], loss=0.1043, train_time=19.0600
Epoch[192/500], loss=0.1044, train_time=18.6251
Epoch[193/500], loss=0.1042, train_time=19.3436
Epoch[194/500], loss=0.1041, train_time=20.0951
Epoch[195/500], loss=0.1041, train_time=22.2688
Epoch[196/500], loss=0.1047, train_time=18.8874
Epoch[197/500], loss=0.1037, train_time=18.7196
Epoch[198/500], loss=0.1039, train_time=19.9514
Epoch[199/500], loss=0.1042, train_time=22.3707
Epoch[200/500], loss=0.1040, train_time=22.3144
[0;30;43m[TEST][0m
Result: hr=0.6871, ndcg=0.4150, mep=0.8871, wmep=0.2462, test_time=5.3747
Epoch[201/500], loss=0.1040, train_time=21.6525
Epoch[202/500], loss=0.1040, train_time=21.5937
Epoch[203/500], loss=0.1040, train_time=22.7810
Epoch[204/500], loss=0.1042, train_time=21.8499
Epoch[205/500], loss=0.1043, train_time=21.2604
Epoch[206/500], loss=0.1047, train_time=19.1348
Epoch[207/500], loss=0.1041, train_time=18.3899
Epoch[208/500], loss=0.1040, train_time=17.7942
Epoch[209/500], loss=0.1039, train_time=18.1502
Epoch[210/500], loss=0.1038, train_time=18.5485
[0;30;43m[TEST][0m
Result: hr=0.6907, ndcg=0.4171, mep=0.8884, wmep=0.2466, test_time=4.3460
Epoch[211/500], loss=0.1037, train_time=18.3079
Epoch[212/500], loss=0.1038, train_time=17.3586
Epoch[213/500], loss=0.1044, train_time=18.7259
Epoch[214/500], loss=0.1042, train_time=17.3964
Epoch[215/500], loss=0.1036, train_time=18.2431
Epoch[216/500], loss=0.1042, train_time=18.9762
Epoch[217/500], loss=0.1041, train_time=18.7639
Epoch[218/500], loss=0.1038, train_time=18.8955
Epoch[219/500], loss=0.1046, train_time=22.0910
Epoch[220/500], loss=0.1041, train_time=19.4736
[0;30;43m[TEST][0m
Result: hr=0.6869, ndcg=0.4152, mep=0.8875, wmep=0.2462, test_time=4.3236
Epoch[221/500], loss=0.1039, train_time=19.2578
Epoch[222/500], loss=0.1039, train_time=19.3550
Epoch[223/500], loss=0.1039, train_time=22.9943
Epoch[224/500], loss=0.1038, train_time=22.5666
Epoch[225/500], loss=0.1041, train_time=22.7439
Epoch[226/500], loss=0.1038, train_time=21.8339
Epoch[227/500], loss=0.1042, train_time=19.2510
Epoch[228/500], loss=0.1041, train_time=18.8001
Epoch[229/500], loss=0.1041, train_time=18.0479
Epoch[230/500], loss=0.1041, train_time=17.5355
[0;30;43m[TEST][0m
Result: hr=0.6892, ndcg=0.4196, mep=0.8875, wmep=0.2463, test_time=4.2685
Epoch[231/500], loss=0.1041, train_time=18.1037
Epoch[232/500], loss=0.1036, train_time=19.0420
Epoch[233/500], loss=0.1039, train_time=18.1556
Epoch[234/500], loss=0.1038, train_time=19.1381
Epoch[235/500], loss=0.1034, train_time=18.9791
Epoch[236/500], loss=0.1039, train_time=19.2401
Epoch[237/500], loss=0.1043, train_time=19.1921
Epoch[238/500], loss=0.1040, train_time=19.3189
Epoch[239/500], loss=0.1040, train_time=17.4666
Epoch[240/500], loss=0.1043, train_time=19.1308
[0;30;43m[TEST][0m
Result: hr=0.6881, ndcg=0.4181, mep=0.8880, wmep=0.2460, test_time=4.2702
Epoch[241/500], loss=0.1037, train_time=18.5232
Epoch[242/500], loss=0.1044, train_time=18.4895
Epoch[243/500], loss=0.1042, train_time=18.3808
Epoch[244/500], loss=0.1036, train_time=17.8463
Epoch[245/500], loss=0.1041, train_time=19.3451
Epoch[246/500], loss=0.1036, train_time=18.8038
Epoch[247/500], loss=0.1033, train_time=19.2217
Epoch[248/500], loss=0.1038, train_time=19.3537
Epoch[249/500], loss=0.1041, train_time=19.1065
Epoch[250/500], loss=0.1038, train_time=19.0715
[0;30;43m[TEST][0m
Result: hr=0.6844, ndcg=0.4160, mep=0.8886, wmep=0.2460, test_time=4.3438
Epoch[251/500], loss=0.1035, train_time=19.0602
Epoch[252/500], loss=0.1039, train_time=19.1353
Epoch[253/500], loss=0.1035, train_time=19.0471
Epoch[254/500], loss=0.1034, train_time=18.7244
Epoch[255/500], loss=0.1039, train_time=18.3349
Epoch[256/500], loss=0.1039, train_time=18.8150
Epoch[257/500], loss=0.1040, train_time=18.5436
Epoch[258/500], loss=0.1037, train_time=18.3810
Epoch[259/500], loss=0.1040, train_time=17.3700
Epoch[260/500], loss=0.1040, train_time=17.4853
[0;30;43m[TEST][0m
Result: hr=0.6859, ndcg=0.4149, mep=0.8879, wmep=0.2463, test_time=4.2681
Epoch[261/500], loss=0.1041, train_time=18.7482
Epoch[262/500], loss=0.1039, train_time=18.5593
Epoch[263/500], loss=0.1040, train_time=18.7953
Epoch[264/500], loss=0.1038, train_time=18.5913
Epoch[265/500], loss=0.1039, train_time=19.1009
Epoch[266/500], loss=0.1037, train_time=17.8240
Epoch[267/500], loss=0.1040, train_time=18.0317
Epoch[268/500], loss=0.1042, train_time=17.9606
Epoch[269/500], loss=0.1034, train_time=17.7114
Epoch[270/500], loss=0.1038, train_time=21.5461
[0;30;43m[TEST][0m
Result: hr=0.6914, ndcg=0.4164, mep=0.8876, wmep=0.2462, test_time=5.3611
Epoch[271/500], loss=0.1040, train_time=22.4924
Epoch[272/500], loss=0.1037, train_time=20.7186
Epoch[273/500], loss=0.1038, train_time=21.7753
Epoch[274/500], loss=0.1038, train_time=19.4851
Epoch[275/500], loss=0.1032, train_time=18.8232
Epoch[276/500], loss=0.1039, train_time=18.8549
Epoch[277/500], loss=0.1039, train_time=18.5279
Epoch[278/500], loss=0.1041, train_time=18.7872
Epoch[279/500], loss=0.1036, train_time=18.5056
Epoch[280/500], loss=0.1037, train_time=18.1827
[0;30;43m[TEST][0m
Result: hr=0.6901, ndcg=0.4154, mep=0.8886, wmep=0.2465, test_time=4.2631
Epoch[281/500], loss=0.1043, train_time=16.1463
Epoch[282/500], loss=0.1034, train_time=15.9831
Epoch[283/500], loss=0.1038, train_time=16.2985
Epoch[284/500], loss=0.1044, train_time=18.4824
Epoch[285/500], loss=0.1035, train_time=18.5940
Epoch[286/500], loss=0.1044, train_time=18.5911
Epoch[287/500], loss=0.1036, train_time=18.5464
Epoch[288/500], loss=0.1039, train_time=18.9284
Epoch[289/500], loss=0.1037, train_time=18.5568
Epoch[290/500], loss=0.1039, train_time=18.6804
[0;30;43m[TEST][0m
Result: hr=0.6871, ndcg=0.4168, mep=0.8875, wmep=0.2463, test_time=4.2687
Epoch[291/500], loss=0.1039, train_time=18.5155
Epoch[292/500], loss=0.1041, train_time=18.4376
Epoch[293/500], loss=0.1038, train_time=18.6379
Epoch[294/500], loss=0.1041, train_time=18.8484
Epoch[295/500], loss=0.1042, train_time=19.0850
Epoch[296/500], loss=0.1036, train_time=19.0682
Epoch[297/500], loss=0.1038, train_time=19.3769
Epoch[298/500], loss=0.1041, train_time=19.2515
Epoch[299/500], loss=0.1041, train_time=17.9036
Epoch[300/500], loss=0.1041, train_time=17.4394
[0;30;43m[TEST][0m
Result: hr=0.6879, ndcg=0.4148, mep=0.8879, wmep=0.2463, test_time=4.2636
Epoch[301/500], loss=0.1041, train_time=17.5683
Epoch[302/500], loss=0.1040, train_time=19.4071
Epoch[303/500], loss=0.1036, train_time=21.6830
Epoch[304/500], loss=0.1036, train_time=19.1591
Epoch[305/500], loss=0.1035, train_time=18.5790
Epoch[306/500], loss=0.1035, train_time=17.5364
Epoch[307/500], loss=0.1046, train_time=18.6404
Epoch[308/500], loss=0.1041, train_time=22.5438
Epoch[309/500], loss=0.1038, train_time=22.1446
Epoch[310/500], loss=0.1037, train_time=19.3941
[0;30;43m[TEST][0m
Result: hr=0.6892, ndcg=0.4174, mep=0.8873, wmep=0.2461, test_time=4.2595
Epoch[311/500], loss=0.1037, train_time=19.4124
Epoch[312/500], loss=0.1033, train_time=19.2491
Epoch[313/500], loss=0.1038, train_time=18.5947
Epoch[314/500], loss=0.1032, train_time=19.1813
Epoch[315/500], loss=0.1038, train_time=19.3458
Epoch[316/500], loss=0.1043, train_time=18.6945
Epoch[317/500], loss=0.1036, train_time=18.7461
Epoch[318/500], loss=0.1039, train_time=18.9349
Epoch[319/500], loss=0.1041, train_time=18.5232
Epoch[320/500], loss=0.1041, train_time=18.6425
[0;30;43m[TEST][0m
Result: hr=0.6859, ndcg=0.4169, mep=0.8874, wmep=0.2461, test_time=4.3410
Epoch[321/500], loss=0.1040, train_time=18.6598
Epoch[322/500], loss=0.1041, train_time=18.5009
Epoch[323/500], loss=0.1037, train_time=18.9041
Epoch[324/500], loss=0.1040, train_time=19.1488
Epoch[325/500], loss=0.1035, train_time=19.2190
Epoch[326/500], loss=0.1038, train_time=17.7260
Epoch[327/500], loss=0.1035, train_time=18.2799
Epoch[328/500], loss=0.1038, train_time=18.2474
Epoch[329/500], loss=0.1032, train_time=17.7238
Epoch[330/500], loss=0.1041, train_time=18.2611
[0;30;43m[TEST][0m
Result: hr=0.6854, ndcg=0.4157, mep=0.8886, wmep=0.2464, test_time=4.2787
Epoch[331/500], loss=0.1041, train_time=17.8557
Epoch[332/500], loss=0.1034, train_time=17.3527
Epoch[333/500], loss=0.1033, train_time=19.2655
Epoch[334/500], loss=0.1039, train_time=20.6419
Epoch[335/500], loss=0.1040, train_time=22.4071
Epoch[336/500], loss=0.1037, train_time=19.3731
Epoch[337/500], loss=0.1041, train_time=19.1836
Epoch[338/500], loss=0.1038, train_time=18.9213
Epoch[339/500], loss=0.1043, train_time=19.0572
Epoch[340/500], loss=0.1032, train_time=17.5392
[0;30;43m[TEST][0m
Result: hr=0.6874, ndcg=0.4157, mep=0.8873, wmep=0.2460, test_time=4.2839
Epoch[341/500], loss=0.1042, train_time=17.5718
Epoch[342/500], loss=0.1041, train_time=18.0385
Epoch[343/500], loss=0.1036, train_time=18.8340
Epoch[344/500], loss=0.1034, train_time=18.8980
Epoch[345/500], loss=0.1040, train_time=17.5155
Epoch[346/500], loss=0.1037, train_time=18.0612
Epoch[347/500], loss=0.1038, train_time=19.0352
Epoch[348/500], loss=0.1038, train_time=19.3110
Epoch[349/500], loss=0.1035, train_time=19.3896
Epoch[350/500], loss=0.1041, train_time=22.2485
[0;30;43m[TEST][0m
Result: hr=0.6864, ndcg=0.4142, mep=0.8873, wmep=0.2461, test_time=4.2883
Epoch[351/500], loss=0.1033, train_time=19.4173
Epoch[352/500], loss=0.1042, train_time=19.2237
Epoch[353/500], loss=0.1037, train_time=18.2886
Epoch[354/500], loss=0.1040, train_time=18.3641
Epoch[355/500], loss=0.1038, train_time=18.2376
Epoch[356/500], loss=0.1038, train_time=17.4928
Epoch[357/500], loss=0.1043, train_time=18.2742
Epoch[358/500], loss=0.1036, train_time=18.2341
Epoch[359/500], loss=0.1039, train_time=18.4659
Epoch[360/500], loss=0.1038, train_time=17.7709
[0;30;43m[TEST][0m
Result: hr=0.6834, ndcg=0.4148, mep=0.8878, wmep=0.2462, test_time=4.2701
Epoch[361/500], loss=0.1034, train_time=18.2395
Epoch[362/500], loss=0.1043, train_time=19.1576
Epoch[363/500], loss=0.1037, train_time=19.2066
Epoch[364/500], loss=0.1042, train_time=19.0413
Epoch[365/500], loss=0.1032, train_time=18.9959
Epoch[366/500], loss=0.1040, train_time=18.9581
Epoch[367/500], loss=0.1035, train_time=22.6847
Epoch[368/500], loss=0.1040, train_time=21.9657
Epoch[369/500], loss=0.1036, train_time=22.7020
Epoch[370/500], loss=0.1042, train_time=22.9302
[0;30;43m[TEST][0m
Result: hr=0.6874, ndcg=0.4170, mep=0.8870, wmep=0.2461, test_time=5.3641
--------------------------------------------------------------------------------
MF Best   HR: epoch=270, hr=0.6914, ndcg=0.4164, mep=0.8876, wmep=0.2462
--------------------------------------------------------------------------------
MF Best NDCG: epoch=230, hr=0.6892, ndcg=0.4196, mep=0.8875, wmep=0.2463
--------------------------------------------------------------------------------
MF Best  MEP: epoch=140, hr=0.6881, ndcg=0.4136, mep=0.8894, wmep=0.2468
--------------------------------------------------------------------------------
MF Best WMEP: epoch=140, hr=0.6881, ndcg=0.4136, mep=0.8894, wmep=0.2468
--------------------------------------------------------------------------------
